<?xml version="1.0" encoding="UTF-8"?>
<!-- Generated by org.testng.reporters.JUnitReportReporter -->
<testsuite hostname="KairosHW0441" failures="0" tests="1" name="different_pomtechniques.Pom1stmethodMainMethod" time="3.692" errors="0" timestamp="2023-05-12T16:10:45 IST" skipped="0">
  <testcase classname="different_pomtechniques.Pom1stmethodMainMethod" name="mercuryToursRegPage" time="3.692"/>
  <system-out/>
</testsuite> <!-- different_pomtechniques.Pom1stmethodMainMethod -->
