<?xml version="1.0" encoding="UTF-8"?>
<!-- Generated by org.testng.reporters.JUnitReportReporter -->
<testsuite hostname="KairosHW0441" failures="0" tests="5" name="runningTestCasesParallel.RunningTestCasesParalleBasic" time="0.032" errors="0" timestamp="2023-05-19T10:35:48 IST" skipped="0">
  <testcase classname="runningTestCasesParallel.RunningTestCasesParalleBasic" name="test1" time="0.007"/>
  <system-out/>
  <testcase classname="runningTestCasesParallel.RunningTestCasesParalleBasic" name="test2" time="0.007"/>
  <system-out/>
  <testcase classname="runningTestCasesParallel.RunningTestCasesParalleBasic" name="test2" time="0.006"/>
  <system-out/>
  <testcase classname="runningTestCasesParallel.RunningTestCasesParalleBasic" name="test2" time="0.006"/>
  <system-out/>
  <testcase classname="runningTestCasesParallel.RunningTestCasesParalleBasic" name="test3" time="0.006"/>
  <system-out/>
</testsuite> <!-- runningTestCasesParallel.RunningTestCasesParalleBasic -->
