<?xml version="1.0" encoding="UTF-8"?>
<!-- Generated by org.testng.reporters.JUnitReportReporter -->
<testsuite hostname="KairosHW0441" failures="0" tests="2" name="groups.GroupsInTestNG" time="0.007" errors="0" timestamp="2023-05-19T12:28:26 IST" skipped="0">
  <testcase classname="groups.GroupsInTestNG" name="tc1" time="0.006"/>
  <system-out/>
  <testcase classname="groups.GroupsInTestNG" name="tc2" time="0.001"/>
  <system-out/>
</testsuite> <!-- groups.GroupsInTestNG -->
