<?xml version="1.0" encoding="UTF-8"?>
<!-- Generated by org.testng.reporters.JUnitReportReporter -->
<testsuite hostname="KairosHW0441" failures="0" tests="2" name="practice.JsonParserPractice" time="8.147" errors="0" timestamp="2023-06-05T17:34:13 IST" skipped="0">
  <testcase classname="practice.JsonParserPractice" name="facebook" time="0.295"/>
  <system-out/>
  <testcase classname="practice.JsonParserPractice" name="facebook" time="7.852"/>
  <system-out/>
</testsuite> <!-- practice.JsonParserPractice -->
