<?xml version="1.0" encoding="UTF-8"?>
<!-- Generated by org.testng.reporters.JUnitReportReporter -->
<testsuite hostname="KairosHW0441" failures="0" tests="4" name="dataDrivenUsingExcell.DataDrivenUsingExcel" time="7.923" errors="0" timestamp="2023-08-08T16:16:16 IST" skipped="0">
  <testcase classname="dataDrivenUsingExcell.DataDrivenUsingExcel" name="login" time="0.565"/>
  <testcase classname="dataDrivenUsingExcell.DataDrivenUsingExcel" name="login" time="0.500"/>
  <testcase classname="dataDrivenUsingExcell.DataDrivenUsingExcel" name="login" time="6.345"/>
  <testcase classname="dataDrivenUsingExcell.DataDrivenUsingExcel" name="login" time="0.513"/>
</testsuite> <!-- dataDrivenUsingExcell.DataDrivenUsingExcel -->
