<?xml version="1.0" encoding="UTF-8"?>
<!-- Generated by org.testng.reporters.JUnitReportReporter -->
<testsuite hostname="KairosHW0441" failures="0" tests="1" name="runningTestCasesParallelAndcrossbrowsusinddiffclass.ClassB" time="9.064" errors="0" timestamp="2023-05-29T11:19:47 IST" skipped="0">
  <testcase classname="runningTestCasesParallelAndcrossbrowsusinddiffclass.ClassB" name="launchurl1" time="9.064"/>
  <system-out/>
</testsuite> <!-- runningTestCasesParallelAndcrossbrowsusinddiffclass.ClassB -->
