<?xml version="1.0" encoding="UTF-8"?>
<!-- Generated by org.testng.reporters.JUnitReportReporter -->
<testsuite hostname="KairosHW0441" failures="0" tests="4" name="jsonpractice.AutomatingInstaHomePageUsingDataProvider" time="26.837" errors="0" timestamp="2023-05-08T12:02:22 IST" skipped="0">
  <testcase classname="jsonpractice.AutomatingInstaHomePageUsingDataProvider" name="UserName" time="7.502"/>
  <system-out/>
  <testcase classname="jsonpractice.AutomatingInstaHomePageUsingDataProvider" name="UserName" time="6.371"/>
  <system-out/>
  <testcase classname="jsonpractice.AutomatingInstaHomePageUsingDataProvider" name="UserName" time="6.766"/>
  <system-out/>
  <testcase classname="jsonpractice.AutomatingInstaHomePageUsingDataProvider" name="UserName" time="6.198"/>
  <system-out/>
</testsuite> <!-- jsonpractice.AutomatingInstaHomePageUsingDataProvider -->
