<?xml version="1.0" encoding="UTF-8"?>
<!-- Generated by org.testng.reporters.JUnitReportReporter -->
<testsuite hostname="KairosHW0441" failures="0" tests="1" name="javaPractice.Examp" time="0.011" errors="0" timestamp="2023-06-22T16:30:49 IST" skipped="0">
  <testcase classname="javaPractice.Examp" name="m1" time="0.011"/>
</testsuite> <!-- javaPractice.Examp -->
