<?xml version="1.0" encoding="UTF-8"?>
<!-- Generated by org.testng.reporters.JUnitReportReporter -->
<testsuite hostname="KairosHW0441" failures="0" tests="1" name="different_pomtechniques.Pom2ndMethodMainMethodby" time="4.869" errors="0" timestamp="2023-05-13T14:42:49 IST" skipped="0">
  <testcase classname="different_pomtechniques.Pom2ndMethodMainMethodby" name="mercuryToursPage" time="4.869"/>
  <system-out/>
</testsuite> <!-- different_pomtechniques.Pom2ndMethodMainMethodby -->
