<?xml version="1.0" encoding="UTF-8"?>
<!-- Generated by org.testng.reporters.JUnitReportReporter -->
<testsuite hostname="KairosHW0441" failures="0" tests="1" name="runningTestCasesParallelAndcrossbrowsusinddiffclass.ClassA" time="6.558" errors="0" timestamp="2023-05-29T11:19:47 IST" skipped="0">
  <testcase classname="runningTestCasesParallelAndcrossbrowsusinddiffclass.ClassA" name="launchUrl" time="6.558"/>
  <system-out/>
</testsuite> <!-- runningTestCasesParallelAndcrossbrowsusinddiffclass.ClassA -->
