<?xml version="1.0" encoding="UTF-8"?>
<!-- Generated by org.testng.reporters.JUnitReportReporter -->
<testsuite hostname="KairosHW0441" failures="0" tests="1" name="javaPractice.Practice" time="3.056" errors="0" timestamp="2023-06-05T14:39:09 IST" skipped="0">
  <testcase classname="javaPractice.Practice" name="m1" time="3.056"/>
  <system-out/>
</testsuite> <!-- javaPractice.Practice -->
