<?xml version="1.0" encoding="UTF-8"?>
<!-- Generated by org.testng.reporters.JUnitReportReporter -->
<testsuite hostname="KairosHW0441" failures="0" tests="4" name="jsonpractice.Pom_Main" time="14.550" errors="0" timestamp="2023-04-28T18:06:35 IST" skipped="0">
  <testcase classname="jsonpractice.Pom_Main" name="test" time="5.213"/>
  <system-out/>
  <testcase classname="jsonpractice.Pom_Main" name="test" time="5.820"/>
  <system-out/>
  <testcase classname="jsonpractice.Pom_Main" name="test" time="0.502"/>
  <system-out/>
  <testcase classname="jsonpractice.Pom_Main" name="test" time="3.015"/>
  <system-out/>
</testsuite> <!-- jsonpractice.Pom_Main -->
