<?xml version="1.0" encoding="UTF-8"?>
<!-- Generated by org.testng.reporters.JUnitReportReporter -->
<testsuite hostname="KairosHW0441" failures="0" tests="4" name="jsonpractice.AutomatingInstaHomePageUsingDataProvider" time="3.718" errors="0" timestamp="2023-05-24T10:19:08 IST" skipped="0">
  <testcase classname="jsonpractice.AutomatingInstaHomePageUsingDataProvider" name="UserName" time="1.874"/>
  <system-out/>
  <testcase classname="jsonpractice.AutomatingInstaHomePageUsingDataProvider" name="UserName" time="0.610"/>
  <system-out/>
  <testcase classname="jsonpractice.AutomatingInstaHomePageUsingDataProvider" name="UserName" time="0.595"/>
  <system-out/>
  <testcase classname="jsonpractice.AutomatingInstaHomePageUsingDataProvider" name="UserName" time="0.639"/>
  <system-out/>
</testsuite> <!-- jsonpractice.AutomatingInstaHomePageUsingDataProvider -->
