<?xml version="1.0" encoding="UTF-8"?>
<!-- Generated by org.testng.reporters.JUnitReportReporter -->
<testsuite hostname="KairosHW0441" failures="0" tests="4" name="automatedFacebookUsingPom.Pom_Main" time="13.217" errors="0" timestamp="2023-05-15T14:28:44 IST" skipped="0">
  <testcase classname="automatedFacebookUsingPom.Pom_Main" name="test" time="3.878"/>
  <system-out/>
  <testcase classname="automatedFacebookUsingPom.Pom_Main" name="test" time="2.844"/>
  <system-out/>
  <testcase classname="automatedFacebookUsingPom.Pom_Main" name="test" time="6.304"/>
  <system-out/>
  <testcase classname="automatedFacebookUsingPom.Pom_Main" name="test" time="0.191"/>
  <system-out/>
</testsuite> <!-- automatedFacebookUsingPom.Pom_Main -->
