<?xml version="1.0" encoding="UTF-8"?>
<!-- Generated by org.testng.reporters.JUnitReportReporter -->
<testsuite hostname="KairosHW0441" failures="0" tests="3" name="runningTestCasesParallel.ParallelRunning" time="15.190" errors="0" timestamp="2023-05-19T11:12:08 IST" skipped="0">
  <testcase classname="runningTestCasesParallel.ParallelRunning" name="launchUrl" time="3.425"/>
  <system-out/>
  <testcase classname="runningTestCasesParallel.ParallelRunning" name="launchurl1" time="5.464"/>
  <system-out/>
  <testcase classname="runningTestCasesParallel.ParallelRunning" name="launchurl2" time="6.301"/>
  <system-out/>
</testsuite> <!-- runningTestCasesParallel.ParallelRunning -->
