<?xml version="1.0" encoding="UTF-8"?>
<!-- Generated by org.testng.reporters.JUnitReportReporter -->
<testsuite hostname="KairosHW0441" failures="0" tests="4" name="automatedFacebookUsingPom.Pom_Main" time="21.061" errors="0" timestamp="2023-06-05T17:27:53 IST" skipped="0">
  <testcase classname="automatedFacebookUsingPom.Pom_Main" name="test" time="10.260"/>
  <system-out/>
  <testcase classname="automatedFacebookUsingPom.Pom_Main" name="test" time="0.479"/>
  <system-out/>
  <testcase classname="automatedFacebookUsingPom.Pom_Main" name="test" time="6.614"/>
  <system-out/>
  <testcase classname="automatedFacebookUsingPom.Pom_Main" name="test" time="3.708"/>
  <system-out/>
</testsuite> <!-- automatedFacebookUsingPom.Pom_Main -->
