<?xml version="1.0" encoding="UTF-8"?>
<!-- Generated by org.testng.reporters.JUnitReportReporter -->
<testsuite hostname="KairosHW0441" failures="0" tests="3" name="practiceseleniumprograms.AjioLoginPage" time="20.770" errors="0" timestamp="2023-08-30T10:02:58 IST" skipped="0">
  <testcase classname="practiceseleniumprograms.AjioLoginPage" name="login" time="0.662"/>
  <testcase classname="practiceseleniumprograms.AjioLoginPage" name="login" time="17.915"/>
  <testcase classname="practiceseleniumprograms.AjioLoginPage" name="login" time="2.193"/>
</testsuite> <!-- practiceseleniumprograms.AjioLoginPage -->
